<?xml version="1.0" encoding="UTF-8"?>
<!-- Generated by org.testng.reporters.JUnitReportReporter -->
<testsuite hostname="LAPTOP-BHA54RRF" failures="0" tests="2" name="testsuite.TestCase" time="178.179" errors="0" timestamp="2021-06-14T15:39:53 IST" skipped="0">
  <testcase classname="testsuite.TestCase" name="test0" time="93.137"/>
  <system-out/>
  <testcase classname="testsuite.TestCase" name="test1" time="85.042"/>
  <system-out/>
</testsuite> <!-- testsuite.TestCase -->
